2023-02-02T16:41:54.483+01:00  WARN 18113 --- [main] org.hibernate.orm.deprecation            : HHH90000021: Encountered deprecated setting [javax.persistence.sharedCache.mode], use [jakarta.persistence.sharedCache.mode] instead
2023-02-02T16:41:55.815+01:00 DEBUG 18113 --- [main] s.w.s.m.m.a.RequestMappingHandlerMapping : 7 mappings in 'requestMappingHandlerMapping'
2023-02-02T16:41:55.862+01:00 DEBUG 18113 --- [main] o.s.w.s.handler.SimpleUrlHandlerMapping  : Patterns [/webjars/**, /**] in 'resourceHandlerMapping'
2023-02-02T16:41:55.905+01:00 DEBUG 18113 --- [main] s.w.s.m.m.a.RequestMappingHandlerAdapter : ControllerAdvice beans: 0 @ModelAttribute, 0 @InitBinder, 1 RequestBodyAdvice, 1 ResponseBodyAdvice
2023-02-02T16:41:55.927+01:00 DEBUG 18113 --- [main] .m.m.a.ExceptionHandlerExceptionResolver : ControllerAdvice beans: 0 @ExceptionHandler, 1 ResponseBodyAdvice
2023-02-02T16:42:10.682+01:00  INFO 18113 --- [http-nio-7777-exec-2] o.s.web.servlet.DispatcherServlet        : Initializing Servlet 'dispatcherServlet'
2023-02-02T16:42:10.683+01:00 DEBUG 18113 --- [http-nio-7777-exec-2] o.s.web.servlet.DispatcherServlet        : Detected StandardServletMultipartResolver
2023-02-02T16:42:10.683+01:00 DEBUG 18113 --- [http-nio-7777-exec-2] o.s.web.servlet.DispatcherServlet        : Detected AcceptHeaderLocaleResolver
2023-02-02T16:42:10.683+01:00 DEBUG 18113 --- [http-nio-7777-exec-2] o.s.web.servlet.DispatcherServlet        : Detected FixedThemeResolver
2023-02-02T16:42:10.684+01:00 DEBUG 18113 --- [http-nio-7777-exec-2] o.s.web.servlet.DispatcherServlet        : Detected org.springframework.web.servlet.view.DefaultRequestToViewNameTranslator@24244ea
2023-02-02T16:42:10.684+01:00 DEBUG 18113 --- [http-nio-7777-exec-2] o.s.web.servlet.DispatcherServlet        : Detected org.springframework.web.servlet.support.SessionFlashMapManager@52ec5ba6
2023-02-02T16:42:10.684+01:00 DEBUG 18113 --- [http-nio-7777-exec-2] o.s.web.servlet.DispatcherServlet        : enableLoggingRequestDetails='false': request parameters and headers will be masked to prevent unsafe logging of potentially sensitive data
2023-02-02T16:42:10.684+01:00  INFO 18113 --- [http-nio-7777-exec-2] o.s.web.servlet.DispatcherServlet        : Completed initialization in 1 ms
2023-02-02T16:42:10.698+01:00 DEBUG 18113 --- [http-nio-7777-exec-2] s.w.s.m.m.a.RequestMappingHandlerMapping : Mapped to com.example.demo.security.AuthentificationApi#login(AuthentificationRequest)
2023-02-02T16:42:10.700+01:00 DEBUG 18113 --- [http-nio-7777-exec-2] s.w.s.m.m.a.RequestMappingHandlerMapping : Mapped to com.example.demo.security.AuthentificationApi#login(AuthentificationRequest)
2023-02-02T16:42:10.702+01:00 DEBUG 18113 --- [http-nio-7777-exec-2] o.s.web.servlet.DispatcherServlet        : POST "/api/public/login", parameters={}
2023-02-02T16:42:10.703+01:00 DEBUG 18113 --- [http-nio-7777-exec-2] s.w.s.m.m.a.RequestMappingHandlerMapping : Mapped to com.example.demo.security.AuthentificationApi#login(AuthentificationRequest)
2023-02-02T16:42:10.767+01:00 DEBUG 18113 --- [http-nio-7777-exec-2] m.m.a.RequestResponseBodyMethodProcessor : Read "application/json;charset=UTF-8" to [AuthentificationRequest[name=user, password=helloworld]]
2023-02-02T16:42:11.051+01:00 DEBUG 18113 --- [http-nio-7777-exec-2] o.s.w.s.m.m.a.HttpEntityMethodProcessor  : Using 'application/json', given [*/*] and supported [application/json, application/*+json]
2023-02-02T16:42:11.052+01:00 DEBUG 18113 --- [http-nio-7777-exec-2] o.s.w.s.m.m.a.HttpEntityMethodProcessor  : Writing [com.example.demo.DTO.UserDTO@35db89ce]
2023-02-02T16:42:11.056+01:00 DEBUG 18113 --- [http-nio-7777-exec-2] o.s.web.servlet.DispatcherServlet        : Completed 200 OK
2023-02-02T16:44:45.833+01:00  WARN 18323 --- [main] org.hibernate.orm.deprecation            : HHH90000021: Encountered deprecated setting [javax.persistence.sharedCache.mode], use [jakarta.persistence.sharedCache.mode] instead
2023-02-02T16:44:47.194+01:00 DEBUG 18323 --- [main] s.w.s.m.m.a.RequestMappingHandlerMapping : 7 mappings in 'requestMappingHandlerMapping'
2023-02-02T16:44:47.243+01:00 DEBUG 18323 --- [main] o.s.w.s.handler.SimpleUrlHandlerMapping  : Patterns [/webjars/**, /**] in 'resourceHandlerMapping'
2023-02-02T16:44:47.290+01:00 DEBUG 18323 --- [main] s.w.s.m.m.a.RequestMappingHandlerAdapter : ControllerAdvice beans: 0 @ModelAttribute, 0 @InitBinder, 1 RequestBodyAdvice, 1 ResponseBodyAdvice
2023-02-02T16:44:47.314+01:00 DEBUG 18323 --- [main] .m.m.a.ExceptionHandlerExceptionResolver : ControllerAdvice beans: 0 @ExceptionHandler, 1 ResponseBodyAdvice
2023-02-02T16:45:28.451+01:00  WARN 18971 --- [main] org.hibernate.orm.deprecation            : HHH90000021: Encountered deprecated setting [javax.persistence.sharedCache.mode], use [jakarta.persistence.sharedCache.mode] instead
2023-02-02T16:45:29.865+01:00 DEBUG 18971 --- [main] s.w.s.m.m.a.RequestMappingHandlerMapping : 7 mappings in 'requestMappingHandlerMapping'
2023-02-02T16:45:29.913+01:00 DEBUG 18971 --- [main] o.s.w.s.handler.SimpleUrlHandlerMapping  : Patterns [/webjars/**, /**] in 'resourceHandlerMapping'
2023-02-02T16:45:29.958+01:00 DEBUG 18971 --- [main] s.w.s.m.m.a.RequestMappingHandlerAdapter : ControllerAdvice beans: 0 @ModelAttribute, 0 @InitBinder, 1 RequestBodyAdvice, 1 ResponseBodyAdvice
2023-02-02T16:45:29.979+01:00 DEBUG 18971 --- [main] .m.m.a.ExceptionHandlerExceptionResolver : ControllerAdvice beans: 0 @ExceptionHandler, 1 ResponseBodyAdvice
