2023-02-01T11:48:49.591+01:00  INFO 25139 --- [main] com.example.demo.DemoApplication         : Starting DemoApplication using Java 19.0.2 with PID 25139 (/home/oleksandr.yuschenko@Digital-Grenoble.local/CampusNumerique/java_spring/target/classes started by oleksandr.yuschenko@Digital-Grenoble.local in /home/oleksandr.yuschenko@Digital-Grenoble.local/CampusNumerique/java_spring)
2023-02-01T11:48:49.592+01:00  INFO 25139 --- [main] com.example.demo.DemoApplication         : The following 1 profile is active: "h2"
2023-02-01T11:48:49.900+01:00  INFO 25139 --- [main] .s.d.r.c.RepositoryConfigurationDelegate : Bootstrapping Spring Data JPA repositories in DEFAULT mode.
2023-02-01T11:48:49.931+01:00  INFO 25139 --- [main] .s.d.r.c.RepositoryConfigurationDelegate : Finished Spring Data repository scanning in 26 ms. Found 3 JPA repository interfaces.
2023-02-01T11:48:50.195+01:00  INFO 25139 --- [main] o.s.b.w.embedded.tomcat.TomcatWebServer  : Tomcat initialized with port(s): 7777 (http)
2023-02-01T11:48:50.199+01:00  INFO 25139 --- [main] o.apache.catalina.core.StandardService   : Starting service [Tomcat]
2023-02-01T11:48:50.200+01:00  INFO 25139 --- [main] o.apache.catalina.core.StandardEngine    : Starting Servlet engine: [Apache Tomcat/10.1.4]
2023-02-01T11:48:50.239+01:00  INFO 25139 --- [main] o.a.c.c.C.[Tomcat].[localhost].[/]       : Initializing Spring embedded WebApplicationContext
2023-02-01T11:48:50.239+01:00  INFO 25139 --- [main] w.s.c.ServletWebServerApplicationContext : Root WebApplicationContext: initialization completed in 624 ms
2023-02-01T11:48:50.258+01:00  INFO 25139 --- [main] com.zaxxer.hikari.HikariDataSource       : HikariPool-1 - Starting...
2023-02-01T11:48:50.365+01:00  INFO 25139 --- [main] com.zaxxer.hikari.pool.HikariPool        : HikariPool-1 - Added connection conn0: url=jdbc:h2:mem:square_games user=ROOT
2023-02-01T11:48:50.366+01:00  INFO 25139 --- [main] com.zaxxer.hikari.HikariDataSource       : HikariPool-1 - Start completed.
2023-02-01T11:48:50.372+01:00  INFO 25139 --- [main] o.s.b.a.h2.H2ConsoleAutoConfiguration    : H2 console available at '/h2-console'. Database available at 'jdbc:h2:mem:square_games'
2023-02-01T11:48:50.437+01:00  INFO 25139 --- [main] o.hibernate.jpa.internal.util.LogHelper  : HHH000204: Processing PersistenceUnitInfo [name: default]
2023-02-01T11:48:50.476+01:00  INFO 25139 --- [main] org.hibernate.Version                    : HHH000412: Hibernate ORM core version 6.1.6.Final
2023-02-01T11:48:50.572+01:00  WARN 25139 --- [main] org.hibernate.orm.deprecation            : HHH90000021: Encountered deprecated setting [javax.persistence.sharedCache.mode], use [jakarta.persistence.sharedCache.mode] instead
2023-02-01T11:48:50.644+01:00  INFO 25139 --- [main] SQL dialect                              : HHH000400: Using dialect: org.hibernate.dialect.H2Dialect
2023-02-01T11:48:51.027+01:00  INFO 25139 --- [main] o.h.e.t.j.p.i.JtaPlatformInitiator       : HHH000490: Using JtaPlatform implementation: [org.hibernate.engine.transaction.jta.platform.internal.NoJtaPlatform]
2023-02-01T11:48:51.032+01:00  INFO 25139 --- [main] j.LocalContainerEntityManagerFactoryBean : Initialized JPA EntityManagerFactory for persistence unit 'default'
2023-02-01T11:48:51.495+01:00  INFO 25139 --- [main] o.s.b.w.embedded.tomcat.TomcatWebServer  : Tomcat started on port(s): 7777 (http) with context path ''
2023-02-01T11:48:51.500+01:00  INFO 25139 --- [main] com.example.demo.DemoApplication         : Started DemoApplication in 2.219 seconds (process running for 2.548)
2023-02-01T11:49:10.965+01:00  INFO 25139 --- [SpringApplicationShutdownHook] j.LocalContainerEntityManagerFactoryBean : Closing JPA EntityManagerFactory for persistence unit 'default'
2023-02-01T11:49:10.967+01:00  INFO 25139 --- [SpringApplicationShutdownHook] com.zaxxer.hikari.HikariDataSource       : HikariPool-1 - Shutdown initiated...
2023-02-01T11:49:10.968+01:00  INFO 25139 --- [SpringApplicationShutdownHook] com.zaxxer.hikari.HikariDataSource       : HikariPool-1 - Shutdown completed.
