2023-02-01T11:49:28.847+01:00  INFO 25356 --- [main] com.example.demo.DemoApplication         : Starting DemoApplication using Java 19.0.2 with PID 25356 (/home/oleksandr.yuschenko@Digital-Grenoble.local/CampusNumerique/java_spring/target/classes started by oleksandr.yuschenko@Digital-Grenoble.local in /home/oleksandr.yuschenko@Digital-Grenoble.local/CampusNumerique/java_spring)
2023-02-01T11:49:28.848+01:00  INFO 25356 --- [main] com.example.demo.DemoApplication         : The following 1 profile is active: "h2"
2023-02-01T11:49:29.163+01:00  INFO 25356 --- [main] .s.d.r.c.RepositoryConfigurationDelegate : Bootstrapping Spring Data JPA repositories in DEFAULT mode.
2023-02-01T11:49:29.194+01:00  INFO 25356 --- [main] .s.d.r.c.RepositoryConfigurationDelegate : Finished Spring Data repository scanning in 27 ms. Found 3 JPA repository interfaces.
2023-02-01T11:49:29.470+01:00  INFO 25356 --- [main] o.s.b.w.embedded.tomcat.TomcatWebServer  : Tomcat initialized with port(s): 7777 (http)
2023-02-01T11:49:29.475+01:00  INFO 25356 --- [main] o.apache.catalina.core.StandardService   : Starting service [Tomcat]
2023-02-01T11:49:29.475+01:00  INFO 25356 --- [main] o.apache.catalina.core.StandardEngine    : Starting Servlet engine: [Apache Tomcat/10.1.4]
2023-02-01T11:49:29.522+01:00  INFO 25356 --- [main] o.a.c.c.C.[Tomcat].[localhost].[/]       : Initializing Spring embedded WebApplicationContext
2023-02-01T11:49:29.522+01:00  INFO 25356 --- [main] w.s.c.ServletWebServerApplicationContext : Root WebApplicationContext: initialization completed in 647 ms
2023-02-01T11:49:29.542+01:00  INFO 25356 --- [main] com.zaxxer.hikari.HikariDataSource       : HikariPool-1 - Starting...
2023-02-01T11:49:29.635+01:00  INFO 25356 --- [main] com.zaxxer.hikari.pool.HikariPool        : HikariPool-1 - Added connection conn0: url=jdbc:h2:mem:square_games user=ROOT
2023-02-01T11:49:29.635+01:00  INFO 25356 --- [main] com.zaxxer.hikari.HikariDataSource       : HikariPool-1 - Start completed.
2023-02-01T11:49:29.642+01:00  INFO 25356 --- [main] o.s.b.a.h2.H2ConsoleAutoConfiguration    : H2 console available at '/h2-console'. Database available at 'jdbc:h2:mem:square_games'
2023-02-01T11:49:29.708+01:00  INFO 25356 --- [main] o.hibernate.jpa.internal.util.LogHelper  : HHH000204: Processing PersistenceUnitInfo [name: default]
2023-02-01T11:49:29.734+01:00  INFO 25356 --- [main] org.hibernate.Version                    : HHH000412: Hibernate ORM core version 6.1.6.Final
2023-02-01T11:49:29.807+01:00  WARN 25356 --- [main] org.hibernate.orm.deprecation            : HHH90000021: Encountered deprecated setting [javax.persistence.sharedCache.mode], use [jakarta.persistence.sharedCache.mode] instead
2023-02-01T11:49:29.884+01:00  INFO 25356 --- [main] SQL dialect                              : HHH000400: Using dialect: org.hibernate.dialect.H2Dialect
2023-02-01T11:49:30.252+01:00  INFO 25356 --- [main] o.h.e.t.j.p.i.JtaPlatformInitiator       : HHH000490: Using JtaPlatform implementation: [org.hibernate.engine.transaction.jta.platform.internal.NoJtaPlatform]
2023-02-01T11:49:30.257+01:00  INFO 25356 --- [main] j.LocalContainerEntityManagerFactoryBean : Initialized JPA EntityManagerFactory for persistence unit 'default'
2023-02-01T11:49:30.740+01:00  INFO 25356 --- [main] o.s.b.w.embedded.tomcat.TomcatWebServer  : Tomcat started on port(s): 7777 (http) with context path ''
2023-02-01T11:49:30.745+01:00  INFO 25356 --- [main] com.example.demo.DemoApplication         : Started DemoApplication in 2.2 seconds (process running for 2.528)
2023-02-01T11:50:11.056+01:00  INFO 25356 --- [SpringApplicationShutdownHook] j.LocalContainerEntityManagerFactoryBean : Closing JPA EntityManagerFactory for persistence unit 'default'
2023-02-01T11:50:11.059+01:00  INFO 25356 --- [SpringApplicationShutdownHook] com.zaxxer.hikari.HikariDataSource       : HikariPool-1 - Shutdown initiated...
2023-02-01T11:50:11.060+01:00  INFO 25356 --- [SpringApplicationShutdownHook] com.zaxxer.hikari.HikariDataSource       : HikariPool-1 - Shutdown completed.
